\BOOKMARK [0][-]{chapter.1}{Introduzione}{}% 1
\BOOKMARK [1][-]{section.1.1}{Incipit}{chapter.1}% 2
\BOOKMARK [1][-]{section.1.2}{Nozioni Preliminari}{chapter.1}% 3
\BOOKMARK [2][-]{subsection.1.2.1}{Schema di relazione}{section.1.2}% 4
\BOOKMARK [2][-]{subsection.1.2.2}{Dipendenze funzionali canoniche}{section.1.2}% 5
\BOOKMARK [2][-]{subsection.1.2.3}{Dipendenze funzionali rilassate}{section.1.2}% 6
\BOOKMARK [2][-]{subsection.1.2.4}{Scoperta di RFD}{section.1.2}% 7
\BOOKMARK [2][-]{subsection.1.2.5}{Dominanza}{section.1.2}% 8
\BOOKMARK [1][-]{section.1.3}{Studi preliminari}{chapter.1}% 9
\BOOKMARK [0][-]{chapter.2}{Stato dell'Arte}{}% 10
\BOOKMARK [1][-]{section.2.1}{AFD Discovery}{chapter.2}% 11
\BOOKMARK [1][-]{section.2.2}{MD Discovery}{chapter.2}% 12
\BOOKMARK [1][-]{section.2.3}{DD Discovery}{chapter.2}% 13
\BOOKMARK [0][-]{chapter.3}{Algoritmo}{}% 14
\BOOKMARK [1][-]{section.3.1}{Matrice delle distanze}{chapter.3}% 15
\BOOKMARK [2][-]{subsection.3.1.1}{Funzione di distanza}{section.3.1}% 16
\BOOKMARK [2][-]{subsection.3.1.2}{Calcolo della matrice delle distanze}{section.3.1}% 17
\BOOKMARK [1][-]{section.3.2}{Feasibility e Minimality}{chapter.3}% 18
\BOOKMARK [1][-]{section.3.3}{Nozioni Preliminari}{chapter.3}% 19
\BOOKMARK [1][-]{section.3.4}{Identificazione di soglie ottime}{chapter.3}% 20
\BOOKMARK [1][-]{section.3.5}{Generazione di RFD}{chapter.3}% 21
\BOOKMARK [0][-]{chapter.4}{Implementazione}{}% 22
\BOOKMARK [1][-]{section.4.1}{Tecnologie utilizzate}{chapter.4}% 23
\BOOKMARK [2][-]{subsection.4.1.1}{AKKA}{section.4.1}% 24
\BOOKMARK [2][-]{subsection.4.1.2}{FastUtil}{section.4.1}% 25
\BOOKMARK [2][-]{subsection.4.1.3}{Joinery Dataframe}{section.4.1}% 26
\BOOKMARK [1][-]{section.4.2}{Struttura del progetto}{chapter.4}% 27
\BOOKMARK [2][-]{subsection.4.2.1}{Package DataSet}{section.4.2}% 28
\BOOKMARK [2][-]{subsection.4.2.2}{Package RFD}{section.4.2}% 29
\BOOKMARK [2][-]{subsection.4.2.3}{Package Actors}{section.4.2}% 30
\BOOKMARK [2][-]{subsection.4.2.4}{Package Utility}{section.4.2}% 31
\BOOKMARK [1][-]{section.4.3}{Requisiti}{chapter.4}% 32
